
    --------------------------
    1)请求的方式:GET,

    1)请求的路径:/,

    1)请求的时间:Thu Mar 09 2023 12:14:39 GMT+0800 (香港标准时间),

    --------------------------
    
    --------------------------
    1)请求的方式:GET,

    1)请求的路径:/favicon.ico,

    1)请求的时间:Thu Mar 09 2023 12:14:39 GMT+0800 (香港标准时间),

    --------------------------
    
    --------------------------
    1)请求的方式:GET,

    1)请求的路径:/,

    1)请求的时间:Thu Mar 09 2023 12:14:50 GMT+0800 (香港标准时间),

    --------------------------
    
    --------------------------
    1)请求的方式:GET,

    1)请求的路径:/favicon.ico,

    1)请求的时间:Thu Mar 09 2023 12:14:50 GMT+0800 (香港标准时间),

    --------------------------
    
    --------------------------
    1)请求的方式:GET,

    1)请求的路径:/,

    1)请求的时间:Thu Mar 09 2023 12:14:54 GMT+0800 (香港标准时间),

    --------------------------
    
    --------------------------
    1)请求的方式:GET,

    1)请求的路径:/favicon.ico,

    1)请求的时间:Thu Mar 09 2023 12:14:54 GMT+0800 (香港标准时间),

    --------------------------
    